<?xml version="1.0" encoding="UTF-8"?>
<!-- Generated by org.testng.reporters.JUnitXMLReporter -->
<testsuite ignored="0" hostname="THs-MacBook-Pro.local" failures="1" tests="53" name="Regression" time="66.726" errors="0" timestamp="2023-11-27T17:12:05 IST">
  <testcase classname="test.TokenGenerator" name="getToken" time="4.565"/>
  <testcase classname="test.CentreTestCases" name="abc" time="0.001"/>
  <testcase classname="test.CentreTestCases" name="testPostCentre" time="2.137"/>
  <testcase classname="test.CentreTestCases" name="testPatchCentre" time="1.06"/>
  <testcase classname="test.CentreTestCases" name="testGetCentre" time="1.115"/>
  <testcase classname="test.CentreTestCases" name="testListCentres" time="1.4"/>
  <testcase classname="test.CategoryTestCases" name="testCreateCategory" time="1.062"/>
  <testcase classname="test.CategoryTestCases" name="testPatchCategory" time="0.772"/>
  <testcase classname="test.CategoryTestCases" name="testGetCategory" time="0.89"/>
  <testcase classname="test.CategoryTestCases" name="testListCategories" time="1.218"/>
  <testcase classname="test.CategoryTestCases" name="testDeletecategory" time="1.037"/>
  <testcase classname="test.RetailerTestCases" name="testCreateRetailer" time="1.295"/>
  <testcase classname="test.RetailerTestCases" name="testUpdateRetailer" time="1.231"/>
  <testcase classname="test.RetailerTestCases" name="testGetRetailer" time="0.871"/>
  <testcase classname="test.RetailerTestCases" name="testListRetailers" time="0.872"/>
  <testcase classname="test.StoreTestCases" name="testCreateStore" time="0.861"/>
  <testcase classname="test.StoreTestCases" name="testUpdateStore" time="1.04"/>
  <testcase classname="test.StoreTestCases" name="testGetStore" time="0.951"/>
  <testcase classname="test.StoreTestCases" name="testListStores" time="1.535"/>
  <testcase classname="test.NoticeTestCases" name="testCreateNotice" time="0.998"/>
  <testcase classname="test.NoticeTestCases" name="testUpdateNotice" time="1.555"/>
  <testcase classname="test.NoticeTestCases" name="testGetNotice" time="0.915"/>
  <testcase classname="test.NoticeTestCases" name="testListNotices" time="0.933"/>
  <testcase classname="test.NoticeTestCases" name="testDeleteNotice" time="1.171"/>
  <testcase classname="test.CentreDirectoryServiceTestCases" name="testCreateService" time="1.166"/>
  <testcase classname="test.CentreDirectoryServiceTestCases" name="testUpdateService" time="0.945">
    <failure type="java.lang.AssertionError" message="expected [204] but found [422]">
      <![CDATA[java.lang.AssertionError: expected [204] but found [422]
at test.CentreDirectoryServiceTestCases.testUpdateService(CentreDirectoryServiceTestCases.java:44)
at java.base/java.util.ArrayList.forEach(ArrayList.java:1511)
at com.intellij.rt.testng.IDEARemoteTestNG.run(IDEARemoteTestNG.java:66)
at com.intellij.rt.testng.RemoteTestNGStarter.main(RemoteTestNGStarter.java:109)
... Removed 29 stack frames]]>
    </failure>
  </testcase> <!-- testUpdateService -->
  <testcase classname="test.CentreDirectoryServiceTestCases" name="testGetService" time="1.147"/>
  <testcase classname="test.CentreDirectoryServiceTestCases" name="testListServices" time="1.076"/>
  <testcase classname="test.CentreDirectoryServiceTestCases" name="testDeleteService" time="0.918"/>
  <testcase classname="test.CentreDirectoryServiceTypeTestCases" name="testCreateServiceType" time="1.147"/>
  <testcase classname="test.CentreDirectoryServiceTypeTestCases" name="testUpdateServiceType" time="1.092"/>
  <testcase classname="test.CentreDirectoryServiceTypeTestCases" name="testGetServiceType" time="0.999"/>
  <testcase classname="test.CentreDirectoryServiceTypeTestCases" name="testListServicesTypes" time="1.062"/>
  <testcase classname="test.CentreDirectoryServiceTypeTestCases" name="testDeleteServiceType" time="0.716"/>
  <testcase classname="test.DealTestCases" name="testCreateDeal" time="1.05"/>
  <testcase classname="test.DealTestCases" name="testUpdateDeal" time="1.084"/>
  <testcase classname="test.DealTestCases" name="testGetDeal" time="0.914"/>
  <testcase classname="test.DealTestCases" name="testListDeals" time="1.172"/>
  <testcase classname="test.DealTestCases" name="testDeleteDeal" time="1.017"/>
  <testcase classname="test.ScheduleTestCases" name="testCreateSchedule" time="0.932"/>
  <testcase classname="test.ScheduleTestCases" name="testUpdateSchedule" time="1.084"/>
  <testcase classname="test.ScheduleTestCases" name="testGetSchedule" time="1.087"/>
  <testcase classname="test.ScheduleTestCases" name="testListSchedules" time="4.107"/>
  <testcase classname="test.ScheduleTestCases" name="testDeleteSchedule" time="1.568"/>
  <testcase classname="test.ParticipantTestCases" name="testCreateParticipant" time="0.996"/>
  <testcase classname="test.ParticipantTestCases" name="testGetParticipant" time="0.93"/>
  <testcase classname="test.ParticipantTestCases" name="testListParticipants" time="4.077"/>
  <testcase classname="test.ParticipantTestCases" name="testDeleteParticipant" time="0.946"/>
  <testcase classname="test.EventTestCases" name="testCreateEvent" time="1.254"/>
  <testcase classname="test.EventTestCases" name="testUpdateEvent" time="1.215"/>
  <testcase classname="test.EventTestCases" name="testGetEvent" time="1.008"/>
  <testcase classname="test.EventTestCases" name="testListEvents" time="1.317"/>
  <testcase classname="test.EventTestCases" name="testDeleteEvent" time="0.866"/>
</testsuite> <!-- Regression -->
